Arguments: 
  /usr/bin/node /usr/bin/yarn add serverless-plugin-typescript-express

PATH: 
  /home/vkingmker/.config/composer/vendor/bin:/usr/local/sbin:/usr/local/bin:/usr/sbin:/usr/bin:/sbin:/bin:/usr/games:/usr/local/games:/snap/bin

Yarn version: 
  1.16.0

Node version: 
  12.11.1

Platform: 
  linux x64

Trace: 
  Error: getaddrinfo ENOTFOUND registry.yarnpkg.com
      at GetAddrInfoReqWrap.onlookup [as oncomplete] (dns.js:60:26)

npm manifest: 
  {
    "name": "node-server",
    "version": "1.0.0",
    "description": "",
    "main": "build/app.js",
    "scripts": {
      "build": "node_modules/.bin/tsc -pretty -p .",
      "start": "serverless offline start"
    },
    "keywords": [],
    "author": "",
    "license": "ISC",
    "dependencies": {
      "@types/express": "^4.17.0",
      "@types/hbs": "^4.0.1",
      "@types/request": "^2.48.2",
      "express": "^4.17.1",
      "hbs": "^4.0.4",
      "request": "^2.88.0",
      "serverless-http": "^2.3.0",
      "serverless-offline": "^5.12.0"
    },
    "devDependencies": {
      "@types/node": "^12.7.1",
      "concurrently": "^4.1.1"
    }
  }

yarn manifest: 
  No manifest

Lockfile: 
  No lockfile
